127.0.0.1 - - [01/Dec/2020:18:13:53 -0500] "GET / HTTP/1.1" 200 6286 "-" "Mozilla/5.0 (Windows NT 10.0; Win64; x64; rv:84.0) Gecko/20100101 Firefox/84.0"
127.0.0.1 - - [01/Dec/2020:18:13:53 -0500] "GET /favicon.ico HTTP/1.1" 200 296 "http://kpi/" "Mozilla/5.0 (Windows NT 10.0; Win64; x64; rv:84.0) Gecko/20100101 Firefox/84.0"
::1 - - [01/Dec/2020:18:31:53 -0500] "GET / HTTP/1.1" 200 6286 "-" "Mozilla/5.0 (Windows NT 10.0; Win64; x64; rv:84.0) Gecko/20100101 Firefox/84.0"
::1 - - [01/Dec/2020:18:31:54 -0500] "GET /favicon.ico HTTP/1.1" 200 295 "http://kpi.com/" "Mozilla/5.0 (Windows NT 10.0; Win64; x64; rv:84.0) Gecko/20100101 Firefox/84.0"
::1 - - [01/Dec/2020:18:32:06 -0500] "GET / HTTP/1.1" 200 6286 "-" "Mozilla/5.0 (Windows NT 10.0; Win64; x64; rv:84.0) Gecko/20100101 Firefox/84.0"
::1 - - [01/Dec/2020:18:32:08 -0500] "GET / HTTP/1.1" 200 6285 "-" "Mozilla/5.0 (Windows NT 10.0; Win64; x64; rv:84.0) Gecko/20100101 Firefox/84.0"
::1 - - [01/Dec/2020:23:29:58 -0500] "GET / HTTP/1.1" 200 6286 "-" "Mozilla/5.0 (Windows NT 10.0; Win64; x64; rv:84.0) Gecko/20100101 Firefox/84.0"
::1 - - [01/Dec/2020:23:30:02 -0500] "GET /favicon.ico HTTP/1.1" 200 296 "http://kpi.com/" "Mozilla/5.0 (Windows NT 10.0; Win64; x64; rv:84.0) Gecko/20100101 Firefox/84.0"
::1 - - [02/Dec/2020:00:04:20 -0500] "GET / HTTP/1.1" 200 6286 "-" "Mozilla/5.0 (Windows NT 10.0; Win64; x64; rv:84.0) Gecko/20100101 Firefox/84.0"
::1 - - [02/Dec/2020:00:42:46 -0500] "GET / HTTP/1.1" 200 6286 "-" "Mozilla/5.0 (Windows NT 10.0; Win64; x64; rv:84.0) Gecko/20100101 Firefox/84.0"
::1 - - [03/Dec/2020:11:58:53 -0500] "GET / HTTP/1.1" 200 6369 "-" "Mozilla/5.0 (Windows NT 10.0; Win64; x64; rv:84.0) Gecko/20100101 Firefox/84.0"
::1 - - [03/Dec/2020:11:58:55 -0500] "GET /favicon.ico HTTP/1.1" 200 295 "http://kpi.com/" "Mozilla/5.0 (Windows NT 10.0; Win64; x64; rv:84.0) Gecko/20100101 Firefox/84.0"
::1 - - [03/Dec/2020:11:59:06 -0500] "GET /login HTTP/1.1" 500 621457 "http://kpi.com/" "Mozilla/5.0 (Windows NT 10.0; Win64; x64; rv:84.0) Gecko/20100101 Firefox/84.0"
::1 - - [03/Dec/2020:11:59:06 -0500] "GET /_ignition/health-check HTTP/1.1" 200 259 "http://kpi.com/login" "Mozilla/5.0 (Windows NT 10.0; Win64; x64; rv:84.0) Gecko/20100101 Firefox/84.0"
::1 - - [03/Dec/2020:11:59:09 -0500] "GET /register HTTP/1.1" 500 621464 "http://kpi.com/" "Mozilla/5.0 (Windows NT 10.0; Win64; x64; rv:84.0) Gecko/20100101 Firefox/84.0"
::1 - - [03/Dec/2020:11:59:09 -0500] "GET /_ignition/health-check HTTP/1.1" 200 259 "http://kpi.com/register" "Mozilla/5.0 (Windows NT 10.0; Win64; x64; rv:84.0) Gecko/20100101 Firefox/84.0"
::1 - - [03/Dec/2020:14:31:41 -0500] "GET / HTTP/1.1" 200 6369 "-" "Mozilla/5.0 (Windows NT 10.0; Win64; x64; rv:84.0) Gecko/20100101 Firefox/84.0"
::1 - - [03/Dec/2020:14:49:34 -0500] "GET / HTTP/1.1" 200 6369 "-" "Mozilla/5.0 (Windows NT 10.0; Win64; x64; rv:84.0) Gecko/20100101 Firefox/84.0"
::1 - - [03/Dec/2020:15:06:01 -0500] "GET / HTTP/1.1" 200 6369 "-" "Mozilla/5.0 (Windows NT 10.0; Win64; x64; rv:84.0) Gecko/20100101 Firefox/84.0"
::1 - - [03/Dec/2020:15:06:06 -0500] "GET /register HTTP/1.1" 200 2490 "http://kpi.com/" "Mozilla/5.0 (Windows NT 10.0; Win64; x64; rv:84.0) Gecko/20100101 Firefox/84.0"
::1 - - [03/Dec/2020:15:06:06 -0500] "GET /css/app.css HTTP/1.1" 200 372146 "http://kpi.com/register" "Mozilla/5.0 (Windows NT 10.0; Win64; x64; rv:84.0) Gecko/20100101 Firefox/84.0"
::1 - - [03/Dec/2020:15:06:41 -0500] "POST /register HTTP/1.1" 302 1490 "http://kpi.com/register" "Mozilla/5.0 (Windows NT 10.0; Win64; x64; rv:84.0) Gecko/20100101 Firefox/84.0"
::1 - - [03/Dec/2020:15:06:42 -0500] "GET /register HTTP/1.1" 200 2618 "http://kpi.com/register" "Mozilla/5.0 (Windows NT 10.0; Win64; x64; rv:84.0) Gecko/20100101 Firefox/84.0"
::1 - - [03/Dec/2020:15:06:53 -0500] "POST /register HTTP/1.1" 302 1495 "http://kpi.com/register" "Mozilla/5.0 (Windows NT 10.0; Win64; x64; rv:84.0) Gecko/20100101 Firefox/84.0"
::1 - - [03/Dec/2020:15:06:53 -0500] "GET /dashboard HTTP/1.1" 200 7442 "http://kpi.com/register" "Mozilla/5.0 (Windows NT 10.0; Win64; x64; rv:84.0) Gecko/20100101 Firefox/84.0"
::1 - - [03/Dec/2020:15:06:54 -0500] "GET /js/app.js HTTP/1.1" 200 129861 "http://kpi.com/dashboard" "Mozilla/5.0 (Windows NT 10.0; Win64; x64; rv:84.0) Gecko/20100101 Firefox/84.0"
::1 - - [03/Dec/2020:15:06:54 -0500] "GET /livewire/livewire.js?id=eb510e851dceb24afd36 HTTP/1.1" 200 39234 "http://kpi.com/dashboard" "Mozilla/5.0 (Windows NT 10.0; Win64; x64; rv:84.0) Gecko/20100101 Firefox/84.0"
::1 - - [03/Dec/2020:15:07:37 -0500] "GET /user/profile HTTP/1.1" 200 8751 "http://kpi.com/dashboard" "Mozilla/5.0 (Windows NT 10.0; Win64; x64; rv:84.0) Gecko/20100101 Firefox/84.0"
::1 - - [03/Dec/2020:15:07:38 -0500] "GET /livewire/livewire.js?id=eb510e851dceb24afd36 HTTP/1.1" 200 39233 "http://kpi.com/user/profile" "Mozilla/5.0 (Windows NT 10.0; Win64; x64; rv:84.0) Gecko/20100101 Firefox/84.0"
::1 - - [03/Dec/2020:15:07:51 -0500] "POST /livewire/message/profile.update-profile-information-form HTTP/1.1" 200 1655 "http://kpi.com/user/profile" "Mozilla/5.0 (Windows NT 10.0; Win64; x64; rv:84.0) Gecko/20100101 Firefox/84.0"
::1 - - [03/Dec/2020:15:07:51 -0500] "POST /livewire/message/navigation-dropdown HTTP/1.1" 200 14075 "http://kpi.com/user/profile" "Mozilla/5.0 (Windows NT 10.0; Win64; x64; rv:84.0) Gecko/20100101 Firefox/84.0"
::1 - - [03/Dec/2020:15:07:54 -0500] "POST /livewire/message/profile.update-profile-information-form HTTP/1.1" 200 1326 "http://kpi.com/user/profile" "Mozilla/5.0 (Windows NT 10.0; Win64; x64; rv:84.0) Gecko/20100101 Firefox/84.0"
::1 - - [03/Dec/2020:15:07:54 -0500] "POST /livewire/message/navigation-dropdown HTTP/1.1" 200 1234 "http://kpi.com/user/profile" "Mozilla/5.0 (Windows NT 10.0; Win64; x64; rv:84.0) Gecko/20100101 Firefox/84.0"
::1 - - [03/Dec/2020:15:07:56 -0500] "POST /livewire/message/profile.update-profile-information-form HTTP/1.1" 200 1326 "http://kpi.com/user/profile" "Mozilla/5.0 (Windows NT 10.0; Win64; x64; rv:84.0) Gecko/20100101 Firefox/84.0"
::1 - - [03/Dec/2020:15:07:56 -0500] "POST /livewire/message/navigation-dropdown HTTP/1.1" 200 1234 "http://kpi.com/user/profile" "Mozilla/5.0 (Windows NT 10.0; Win64; x64; rv:84.0) Gecko/20100101 Firefox/84.0"
::1 - - [03/Dec/2020:15:31:23 -0500] "GET /teams/1 HTTP/1.1" 200 7878 "http://kpi.com/user/profile" "Mozilla/5.0 (Windows NT 10.0; Win64; x64; rv:84.0) Gecko/20100101 Firefox/84.0"
::1 - - [03/Dec/2020:15:31:23 -0500] "GET /livewire/livewire.js?id=eb510e851dceb24afd36 HTTP/1.1" 200 39233 "http://kpi.com/teams/1" "Mozilla/5.0 (Windows NT 10.0; Win64; x64; rv:84.0) Gecko/20100101 Firefox/84.0"
::1 - - [03/Dec/2020:15:31:23 -0500] "GET /js/app.js HTTP/1.1" 200 129862 "http://kpi.com/teams/1" "Mozilla/5.0 (Windows NT 10.0; Win64; x64; rv:84.0) Gecko/20100101 Firefox/84.0"
::1 - - [03/Dec/2020:15:31:23 -0500] "GET /css/app.css HTTP/1.1" 200 372147 "http://kpi.com/teams/1" "Mozilla/5.0 (Windows NT 10.0; Win64; x64; rv:84.0) Gecko/20100101 Firefox/84.0"
::1 - - [03/Dec/2020:15:31:24 -0500] "GET /favicon.ico HTTP/1.1" 200 295 "http://kpi.com/teams/1" "Mozilla/5.0 (Windows NT 10.0; Win64; x64; rv:84.0) Gecko/20100101 Firefox/84.0"
::1 - - [03/Dec/2020:15:49:36 -0500] "GET / HTTP/1.1" 200 6351 "-" "Mozilla/5.0 (Windows NT 10.0; Win64; x64; rv:84.0) Gecko/20100101 Firefox/84.0"
::1 - - [03/Dec/2020:15:49:36 -0500] "GET /favicon.ico HTTP/1.1" 200 295 "http://kpi.com/" "Mozilla/5.0 (Windows NT 10.0; Win64; x64; rv:84.0) Gecko/20100101 Firefox/84.0"
::1 - - [03/Dec/2020:15:49:38 -0500] "GET /dashboard HTTP/1.1" 200 7086 "http://kpi.com/" "Mozilla/5.0 (Windows NT 10.0; Win64; x64; rv:84.0) Gecko/20100101 Firefox/84.0"
::1 - - [03/Dec/2020:15:49:38 -0500] "GET /js/app.js HTTP/1.1" 200 129861 "http://kpi.com/dashboard" "Mozilla/5.0 (Windows NT 10.0; Win64; x64; rv:84.0) Gecko/20100101 Firefox/84.0"
::1 - - [03/Dec/2020:15:49:38 -0500] "GET /css/app.css HTTP/1.1" 200 372147 "http://kpi.com/dashboard" "Mozilla/5.0 (Windows NT 10.0; Win64; x64; rv:84.0) Gecko/20100101 Firefox/84.0"
::1 - - [03/Dec/2020:15:49:41 -0500] "GET /user/profile HTTP/1.1" 200 8406 "http://kpi.com/dashboard" "Mozilla/5.0 (Windows NT 10.0; Win64; x64; rv:84.0) Gecko/20100101 Firefox/84.0"
::1 - - [03/Dec/2020:15:49:51 -0500] "GET /dashboard HTTP/1.1" 200 7088 "http://kpi.com/user/profile" "Mozilla/5.0 (Windows NT 10.0; Win64; x64; rv:84.0) Gecko/20100101 Firefox/84.0"
::1 - - [03/Dec/2020:16:17:47 -0500] "GET /public HTTP/1.1" 500 575435 "-" "Mozilla/5.0 (Windows NT 10.0; Win64; x64; rv:84.0) Gecko/20100101 Firefox/84.0"
::1 - - [03/Dec/2020:16:17:54 -0500] "GET /public HTTP/1.1" 404 6789 "-" "Mozilla/5.0 (Windows NT 10.0; Win64; x64; rv:84.0) Gecko/20100101 Firefox/84.0"
::1 - - [03/Dec/2020:16:23:30 -0500] "GET / HTTP/1.1" 200 1145 "-" "Mozilla/5.0 (Windows NT 10.0; Win64; x64; rv:84.0) Gecko/20100101 Firefox/84.0"
::1 - - [03/Dec/2020:18:00:12 -0500] "GET / HTTP/1.1" 200 1145 "-" "Mozilla/5.0 (Windows NT 10.0; Win64; x64; rv:84.0) Gecko/20100101 Firefox/84.0"
::1 - - [03/Dec/2020:18:00:12 -0500] "GET /favicon.ico HTTP/1.1" 200 295 "http://kpi.com/" "Mozilla/5.0 (Windows NT 10.0; Win64; x64; rv:84.0) Gecko/20100101 Firefox/84.0"
::1 - - [03/Dec/2020:18:29:12 -0500] "GET / HTTP/1.1" 200 1145 "-" "Mozilla/5.0 (Windows NT 10.0; Win64; x64; rv:84.0) Gecko/20100101 Firefox/84.0"
::1 - - [03/Dec/2020:18:29:12 -0500] "GET /favicon.ico HTTP/1.1" 200 295 "http://kpi.com/" "Mozilla/5.0 (Windows NT 10.0; Win64; x64; rv:84.0) Gecko/20100101 Firefox/84.0"
